Warn : could not read product string for device 0x04f2:0xb7fe: Invalid parameter
Info : CMSIS-DAP: SWD supported
Info : CMSIS-DAP: FW Version = 1.0
Info : CMSIS-DAP: Interface Initialised (SWD)
Info : SWCLK/TCK = 0 SWDIO/TMS = 0 TDI = 0 TDO = 0 nTRST = 0 nRESET = 0
Info : CMSIS-DAP: Interface ready
Info : clock speed 2000 kHz
Info : SWD DPIDR 0x2ba01477
Info : SWD DPIDR 0x2ba01477
Warn : Connecting DP: stalled AP operation, issuing ABORT
Error: Failed to read memory and, additionally, failed to find out where
Warn : target max32xxx.cpu examination failed
Info : starting gdb server for max32xxx.cpu on pipe
Info : SWD DPIDR 0x2ba01477
Warn : Connecting DP: stalled AP operation, issuing ABORT
Info : SWD DPIDR 0x2ba01477
Warn : Connecting DP: stalled AP operation, issuing ABORT
Info : SWD DPIDR 0x2ba01477
Warn : Connecting DP: stalled AP operation, issuing ABORT
Info : SWD DPIDR 0x2ba01477
Warn : Connecting DP: stalled AP operation, issuing ABORT
Info : SWD DPIDR 0x2ba01477
Info : [max32xxx.cpu] AP write error, reset will not halt
Info : SWD DPIDR 0x2ba01477
Info : [max32xxx.cpu] Cortex-M4 r0p1 processor detected
Info : SWD DPIDR 0x2ba01477
Error: Failed to read memory at 0xe000ef48
Info : SWD DPIDR 0x2ba01477
Error: Failed to write memory at 0xe000ee00
TARGET: max32xxx.cpu - Not examined
